Using pre-set license
Built from '2020.3/staging' branch; Version is '2020.3.4f1 (0abb6314276a) revision 703331'; Using compiler version '192528614'; Build Type 'Release'
OS: 'Windows 10 Pro; OS build 22000.556; Version 2009; 64bit' Language: 'es' Physical Memory: 16309 MB
BatchMode: 1, IsHumanControllingUs: 0, StartBugReporterOnCrash: 0, Is64bit: 1, IsPro: 0

 COMMAND LINE ARGUMENTS:
C:\Program Files\Unity\Hub\Editor\2020.3.4f1\Editor\Unity.exe
-adb2
-batchMode
-noUpm
-name
AssetImportWorker0
-projectPath
C:/Users/otaro/Documents/GitHub/Metaverso-Ecuador/MetaVersoEcuador
-logFile
Logs/AssetImportWorker0.log
-srvPort
53939
Successfully changed project path to: C:/Users/otaro/Documents/GitHub/Metaverso-Ecuador/MetaVersoEcuador
C:/Users/otaro/Documents/GitHub/Metaverso-Ecuador/MetaVersoEcuador
Using Asset Import Pipeline V2.
Refreshing native plugins compatible for Editor in 24.33 ms, found 0 plugins.
Preloading 0 native plugins for Editor in 0.00 ms.
Initialize engine version: 2020.3.4f1 (0abb6314276a)
[Subsystems] Discovering subsystems at path C:/Program Files/Unity/Hub/Editor/2020.3.4f1/Editor/Data/Resources/UnitySubsystems
[Subsystems] Discovering subsystems at path C:/Users/otaro/Documents/GitHub/Metaverso-Ecuador/MetaVersoEcuador/Assets
GfxDevice: creating device client; threaded=0
Direct3D:
    Version:  Direct3D 11.0 [level 11.1]
    Renderer: NVIDIA GeForce GTX 1650 SUPER (ID=0x2187)
    Vendor:   
    VRAM:     3955 MB
    Driver:   30.0.15.1179
Initialize mono
Mono path[0] = 'C:/Program Files/Unity/Hub/Editor/2020.3.4f1/Editor/Data/Managed'
Mono path[1] = 'C:/Program Files/Unity/Hub/Editor/2020.3.4f1/Editor/Data/MonoBleedingEdge/lib/mono/unityjit'
Mono config path = 'C:/Program Files/Unity/Hub/Editor/2020.3.4f1/Editor/Data/MonoBleedingEdge/etc'
Using monoOptions --debugger-agent=transport=dt_socket,embedding=1,server=y,suspend=n,address=127.0.0.1:56008
Begin MonoManager ReloadAssembly
Registering precompiled unity dll's ...
Register platform support module: C:/Program Files/Unity/Hub/Editor/2020.3.4f1/Editor/Data/PlaybackEngines/WindowsStandaloneSupport/UnityEditor.WindowsStandalone.Extensions.dll
Registered in 0.001467 seconds.
Native extension for WindowsStandalone target not found
Refreshing native plugins compatible for Editor in 27.10 ms, found 0 plugins.
Preloading 0 native plugins for Editor in 0.00 ms.
Mono: successfully reloaded assembly
- Completed reload, in  1.843 seconds
Platform modules already initialized, skipping
Registering precompiled user dll's ...
Registered in 0.000531 seconds.
Begin MonoManager ReloadAssembly
Native extension for WindowsStandalone target not found
Refreshing native plugins compatible for Editor in 0.31 ms, found 0 plugins.
Preloading 0 native plugins for Editor in 0.00 ms.
Mono: successfully reloaded assembly
- Completed reload, in  0.707 seconds
Platform modules already initialized, skipping
========================================================================
Worker process is ready to serve import requests
Launched and connected shader compiler UnityShaderCompiler.exe after 0.05 seconds
Refreshing native plugins compatible for Editor in 0.31 ms, found 0 plugins.
Preloading 0 native plugins for Editor in 0.00 ms.
Unloading 115 Unused Serialized files (Serialized files now loaded: 0)
System memory in use before: 30.2 MB.
System memory in use after: 30.2 MB.

Unloading 2 unused Assets to reduce memory usage. Loaded Objects now: 553.
Total: 1.494800 ms (FindLiveObjects: 0.072800 ms CreateObjectMapping: 0.006200 ms MarkObjects: 1.355900 ms  DeleteObjects: 0.058600 ms)

========================================================================
Received Import Request.
  path: Assets
  artifactKey: Guid(00000000000000001000000000000000) Importer(815301076,1909f56bfc062723c751e8b465ee728b)
Start importing Assets using Guid(00000000000000001000000000000000) Importer(815301076,1909f56bfc062723c751e8b465ee728b)  -> (artifact id: '0e7062a9ec85a16331eb7fdb7c7cd641') in 0.009562 seconds
  Import took 0.010360 seconds .

========================================================================
Received Import Request.
  Time since last request: 4.464827 seconds.
  path: Assets/Script
  artifactKey: Guid(069ea257dfc63b34aa6feee5506949cb) Importer(815301076,1909f56bfc062723c751e8b465ee728b)
Start importing Assets/Script using Guid(069ea257dfc63b34aa6feee5506949cb) Importer(815301076,1909f56bfc062723c751e8b465ee728b)  -> (artifact id: 'b94d344173d503b895630a8bcf2d26a8') in 0.006014 seconds
  Import took 0.006913 seconds .

========================================================================
Received Import Request.
  Time since last request: 0.002910 seconds.
  path: Assets/Script
  artifactKey: Guid(069ea257dfc63b34aa6feee5506949cb) Importer(815301076,1909f56bfc062723c751e8b465ee728b)
Start importing Assets/Script using Guid(069ea257dfc63b34aa6feee5506949cb) Importer(815301076,1909f56bfc062723c751e8b465ee728b)  -> (artifact id: 'b94d344173d503b895630a8bcf2d26a8') in 0.001844 seconds
  Import took 0.002431 seconds .

========================================================================
Received Import Request.
  Time since last request: 9.147777 seconds.
  path: Assets/Script/Login.cs
  artifactKey: Guid(bf4e3448c46b9f240b802c51dab5f079) Importer(815301076,1909f56bfc062723c751e8b465ee728b)
Start importing Assets/Script/Login.cs using Guid(bf4e3448c46b9f240b802c51dab5f079) Importer(815301076,1909f56bfc062723c751e8b465ee728b)  -> (artifact id: '6f3628aaa92ac4c08ed504a2a1174bea') in 0.055815 seconds
  Import took 0.056873 seconds .

AssetImportWorkerClient::OnTransportError - code=2 error=End of file
