Using pre-set license
Built from '2020.3/staging' branch; Version is '2020.3.4f1 (0abb6314276a) revision 703331'; Using compiler version '192528614'; Build Type 'Release'
OS: 'Windows 10 Pro; OS build 19043.928; Version 2009; 64bit' Language: 'es' Physical Memory: 16290 MB
BatchMode: 1, IsHumanControllingUs: 0, StartBugReporterOnCrash: 0, Is64bit: 1, IsPro: 0

 COMMAND LINE ARGUMENTS:
D:\Daniel Moreno\Unity Hub\2020.3.4f1\Editor\Unity.exe
-adb2
-batchMode
-noUpm
-name
AssetImportWorker0
-projectPath
D:/Daniel Moreno/nuevo/Metaverso-Ecuador/MetaVersoEcuador/MetaveroEcuador
-logFile
Logs/AssetImportWorker0.log
-srvPort
56414
Successfully changed project path to: D:/Daniel Moreno/nuevo/Metaverso-Ecuador/MetaVersoEcuador/MetaveroEcuador
D:/Daniel Moreno/nuevo/Metaverso-Ecuador/MetaVersoEcuador/MetaveroEcuador
Using Asset Import Pipeline V2.
Refreshing native plugins compatible for Editor in 25.70 ms, found 0 plugins.
Preloading 0 native plugins for Editor in 0.00 ms.
Initialize engine version: 2020.3.4f1 (0abb6314276a)
[Subsystems] Discovering subsystems at path D:/Daniel Moreno/Unity Hub/2020.3.4f1/Editor/Data/Resources/UnitySubsystems
[Subsystems] Discovering subsystems at path D:/Daniel Moreno/nuevo/Metaverso-Ecuador/MetaVersoEcuador/MetaveroEcuador/Assets
GfxDevice: creating device client; threaded=0
Direct3D:
    Version:  Direct3D 11.0 [level 11.1]
    Renderer: Intel(R) HD Graphics 4600 (ID=0x412)
    Vendor:   
    VRAM:     2048 MB
    Driver:   20.19.15.5126
Initialize mono
Mono path[0] = 'D:/Daniel Moreno/Unity Hub/2020.3.4f1/Editor/Data/Managed'
Mono path[1] = 'D:/Daniel Moreno/Unity Hub/2020.3.4f1/Editor/Data/MonoBleedingEdge/lib/mono/unityjit'
Mono config path = 'D:/Daniel Moreno/Unity Hub/2020.3.4f1/Editor/Data/MonoBleedingEdge/etc'
Using monoOptions --debugger-agent=transport=dt_socket,embedding=1,server=y,suspend=n,address=127.0.0.1:56552
Begin MonoManager ReloadAssembly
Registering precompiled unity dll's ...
Register platform support module: D:/Daniel Moreno/Unity Hub/2020.3.4f1/Editor/Data/PlaybackEngines/WindowsStandaloneSupport/UnityEditor.WindowsStandalone.Extensions.dll
Registered in 0.001058 seconds.
Native extension for WindowsStandalone target not found
Refreshing native plugins compatible for Editor in 27.91 ms, found 0 plugins.
Preloading 0 native plugins for Editor in 0.00 ms.
Mono: successfully reloaded assembly
- Completed reload, in  0.903 seconds
Platform modules already initialized, skipping
Registering precompiled user dll's ...
Registered in 0.000536 seconds.
Begin MonoManager ReloadAssembly
Native extension for WindowsStandalone target not found
Refreshing native plugins compatible for Editor in 0.30 ms, found 0 plugins.
Preloading 0 native plugins for Editor in 0.00 ms.
Mono: successfully reloaded assembly
- Completed reload, in  0.876 seconds
Platform modules already initialized, skipping
========================================================================
Worker process is ready to serve import requests
Launched and connected shader compiler UnityShaderCompiler.exe after 0.06 seconds
Refreshing native plugins compatible for Editor in 0.30 ms, found 0 plugins.
Preloading 0 native plugins for Editor in 0.00 ms.
Unloading 1177 Unused Serialized files (Serialized files now loaded: 0)
System memory in use before: 60.8 MB.
System memory in use after: 60.9 MB.

Unloading 10 unused Assets to reduce memory usage. Loaded Objects now: 1619.
Total: 2.307000 ms (FindLiveObjects: 0.153700 ms CreateObjectMapping: 0.051900 ms MarkObjects: 1.997600 ms  DeleteObjects: 0.102600 ms)

========================================================================
Received Import Request.
  path: Assets/Codigos Daniel/Nueva carpeta/Grupo-10 1.png
  artifactKey: Guid(a0e21ee223c768b409abb465a83eaf3a) Importer(815301076,1909f56bfc062723c751e8b465ee728b)
Start importing Assets/Codigos Daniel/Nueva carpeta/Grupo-10 1.png using Guid(a0e21ee223c768b409abb465a83eaf3a) Importer(815301076,1909f56bfc062723c751e8b465ee728b)  -> (artifact id: 'eda69a65d0069f713bb804f55cfd59cd') in 0.092958 seconds
  Import took 0.095338 seconds .

========================================================================
Received Import Request.
  Time since last request: 2.350926 seconds.
  path: Assets/Codigos Daniel/Nueva carpeta/Grupo-11 1.png
  artifactKey: Guid(6a18e060967f6d44290ccce1f14d646a) Importer(815301076,1909f56bfc062723c751e8b465ee728b)
Start importing Assets/Codigos Daniel/Nueva carpeta/Grupo-11 1.png using Guid(6a18e060967f6d44290ccce1f14d646a) Importer(815301076,1909f56bfc062723c751e8b465ee728b)  -> (artifact id: '5fc52332c5cc41f6656b2dac09e07784') in 0.012056 seconds
  Import took 0.016733 seconds .

========================================================================
Received Import Request.
  Time since last request: 0.000341 seconds.
  path: Assets/Codigos Daniel/Nueva carpeta/Grupo-12 1.png
  artifactKey: Guid(50bccf1ed1073224f80fba7d601fbed3) Importer(815301076,1909f56bfc062723c751e8b465ee728b)
Start importing Assets/Codigos Daniel/Nueva carpeta/Grupo-12 1.png using Guid(50bccf1ed1073224f80fba7d601fbed3) Importer(815301076,1909f56bfc062723c751e8b465ee728b)  -> (artifact id: '6bb27c2b93be639271de38626145fd82') in 0.012212 seconds
  Import took 0.017108 seconds .

========================================================================
Received Import Request.
  Time since last request: 0.000351 seconds.
  path: Assets/Codigos Daniel/Nueva carpeta/Grupo-15 1.png
  artifactKey: Guid(0c059130a983f8c44814589c0c61c081) Importer(815301076,1909f56bfc062723c751e8b465ee728b)
Start importing Assets/Codigos Daniel/Nueva carpeta/Grupo-15 1.png using Guid(0c059130a983f8c44814589c0c61c081) Importer(815301076,1909f56bfc062723c751e8b465ee728b)  -> (artifact id: '41295afdd8971a1575357439bb13c512') in 0.031409 seconds
  Import took 0.049192 seconds .

========================================================================
Received Import Request.
  Time since last request: 0.000250 seconds.
  path: Assets/Codigos Daniel/Nueva carpeta/Grupo-14 1.png
  artifactKey: Guid(6a48d87e2c0f76c499b5e59792b4af93) Importer(815301076,1909f56bfc062723c751e8b465ee728b)
Start importing Assets/Codigos Daniel/Nueva carpeta/Grupo-14 1.png using Guid(6a48d87e2c0f76c499b5e59792b4af93) Importer(815301076,1909f56bfc062723c751e8b465ee728b)  -> (artifact id: '9dda6ade19b7a1b1ca95c21f46001a76') in 0.019849 seconds
  Import took 0.024262 seconds .

========================================================================
Received Import Request.
  Time since last request: 0.000547 seconds.
  path: Assets/Codigos Daniel/Nueva carpeta/Grupo-12 1.png
  artifactKey: Guid(50bccf1ed1073224f80fba7d601fbed3) Importer(815301076,1909f56bfc062723c751e8b465ee728b)
Start importing Assets/Codigos Daniel/Nueva carpeta/Grupo-12 1.png using Guid(50bccf1ed1073224f80fba7d601fbed3) Importer(815301076,1909f56bfc062723c751e8b465ee728b)  -> (artifact id: '6bb27c2b93be639271de38626145fd82') in 0.034434 seconds
  Import took 0.039490 seconds .

========================================================================
Received Import Request.
  Time since last request: 0.000340 seconds.
  path: Assets/Codigos Daniel/Nueva carpeta/Grupo-13 1.png
  artifactKey: Guid(e72d35f57d6c88a4694ab0936c3f1c5e) Importer(815301076,1909f56bfc062723c751e8b465ee728b)
Start importing Assets/Codigos Daniel/Nueva carpeta/Grupo-13 1.png using Guid(e72d35f57d6c88a4694ab0936c3f1c5e) Importer(815301076,1909f56bfc062723c751e8b465ee728b)  -> (artifact id: '7f2a7a318d6d8d893c5060410d5fe26c') in 0.010850 seconds
  Import took 0.017694 seconds .

========================================================================
Received Import Request.
  Time since last request: 0.000332 seconds.
  path: Assets/Codigos Daniel/Nueva carpeta/Grupo-11 1.png
  artifactKey: Guid(6a18e060967f6d44290ccce1f14d646a) Importer(815301076,1909f56bfc062723c751e8b465ee728b)
Start importing Assets/Codigos Daniel/Nueva carpeta/Grupo-11 1.png using Guid(6a18e060967f6d44290ccce1f14d646a) Importer(815301076,1909f56bfc062723c751e8b465ee728b)  -> (artifact id: '5fc52332c5cc41f6656b2dac09e07784') in 0.013056 seconds
  Import took 0.019339 seconds .

========================================================================
Received Import Request.
  Time since last request: 0.000971 seconds.
  path: Assets/Codigos Daniel/Nueva carpeta/Grupo-16 1.png
  artifactKey: Guid(8931b6beb8c135d4891f6564475c3204) Importer(815301076,1909f56bfc062723c751e8b465ee728b)
Start importing Assets/Codigos Daniel/Nueva carpeta/Grupo-16 1.png using Guid(8931b6beb8c135d4891f6564475c3204) Importer(815301076,1909f56bfc062723c751e8b465ee728b)  -> (artifact id: 'd01c9b4d036652b50064aae10052067a') in 0.019977 seconds
  Import took 0.028647 seconds .

========================================================================
Received Import Request.
  Time since last request: 5.268815 seconds.
  path: Assets/Codigos Daniel/Nueva carpeta/Trazado 143.png
  artifactKey: Guid(301fd5f7888b65f499f1748ade7cf91b) Importer(815301076,1909f56bfc062723c751e8b465ee728b)
Start importing Assets/Codigos Daniel/Nueva carpeta/Trazado 143.png using Guid(301fd5f7888b65f499f1748ade7cf91b) Importer(815301076,1909f56bfc062723c751e8b465ee728b)  -> (artifact id: 'e0e8209dc2f0bb3ed5d7baf475d156f3') in 0.009148 seconds
  Import took 0.014410 seconds .

========================================================================
Received Import Request.
  Time since last request: 18.080007 seconds.
  path: Assets/Codigos Daniel/Nueva carpeta/Grupo-10 1.png
  artifactKey: Guid(a0e21ee223c768b409abb465a83eaf3a) Importer(815301076,1909f56bfc062723c751e8b465ee728b)
Start importing Assets/Codigos Daniel/Nueva carpeta/Grupo-10 1.png using Guid(a0e21ee223c768b409abb465a83eaf3a) Importer(815301076,1909f56bfc062723c751e8b465ee728b)  -> (artifact id: 'b8cd92778a8fc57b7fd4f5489d5b21ad') in 0.055164 seconds
  Import took 0.060095 seconds .

========================================================================
Received Import Request.
  Time since last request: 0.000178 seconds.
  path: Assets/Codigos Daniel/Nueva carpeta/Grupo-12 1.png
  artifactKey: Guid(50bccf1ed1073224f80fba7d601fbed3) Importer(815301076,1909f56bfc062723c751e8b465ee728b)
Start importing Assets/Codigos Daniel/Nueva carpeta/Grupo-12 1.png using Guid(50bccf1ed1073224f80fba7d601fbed3) Importer(815301076,1909f56bfc062723c751e8b465ee728b)  -> (artifact id: 'f1d105429c33da0487876e47af2e712a') in 0.044303 seconds
  Import took 0.047252 seconds .

========================================================================
Received Import Request.
  Time since last request: 0.000506 seconds.
  path: Assets/Codigos Daniel/Nueva carpeta/Grupo-15 1.png
  artifactKey: Guid(0c059130a983f8c44814589c0c61c081) Importer(815301076,1909f56bfc062723c751e8b465ee728b)
Start importing Assets/Codigos Daniel/Nueva carpeta/Grupo-15 1.png using Guid(0c059130a983f8c44814589c0c61c081) Importer(815301076,1909f56bfc062723c751e8b465ee728b)  -> (artifact id: '2f4a3bcdff335234707f2931acc75aeb') in 0.036087 seconds
  Import took 0.039838 seconds .

========================================================================
Received Import Request.
  Time since last request: 0.000749 seconds.
  path: Assets/Codigos Daniel/Nueva carpeta/Grupo-14 1.png
  artifactKey: Guid(6a48d87e2c0f76c499b5e59792b4af93) Importer(815301076,1909f56bfc062723c751e8b465ee728b)
Start importing Assets/Codigos Daniel/Nueva carpeta/Grupo-14 1.png using Guid(6a48d87e2c0f76c499b5e59792b4af93) Importer(815301076,1909f56bfc062723c751e8b465ee728b)  -> (artifact id: '8876e41c6d41c9ce20f5eb4e38a435a2') in 0.035644 seconds
  Import took 0.041053 seconds .

========================================================================
Received Import Request.
  Time since last request: 0.000266 seconds.
  path: Assets/Codigos Daniel/Nueva carpeta/Grupo-13 1.png
  artifactKey: Guid(e72d35f57d6c88a4694ab0936c3f1c5e) Importer(815301076,1909f56bfc062723c751e8b465ee728b)
Start importing Assets/Codigos Daniel/Nueva carpeta/Grupo-13 1.png using Guid(e72d35f57d6c88a4694ab0936c3f1c5e) Importer(815301076,1909f56bfc062723c751e8b465ee728b)  -> (artifact id: '637dff00d43ca609e1ed782cdce08008') in 0.044510 seconds
  Import took 0.048191 seconds .

========================================================================
Received Import Request.
  Time since last request: 0.000333 seconds.
  path: Assets/Codigos Daniel/Nueva carpeta/Grupo-11 1.png
  artifactKey: Guid(6a18e060967f6d44290ccce1f14d646a) Importer(815301076,1909f56bfc062723c751e8b465ee728b)
Start importing Assets/Codigos Daniel/Nueva carpeta/Grupo-11 1.png using Guid(6a18e060967f6d44290ccce1f14d646a) Importer(815301076,1909f56bfc062723c751e8b465ee728b)  -> (artifact id: '0a90d621315a14641431b8ebf097cfcd') in 0.018398 seconds
  Import took 0.024839 seconds .

========================================================================
Received Import Request.
  Time since last request: 0.000219 seconds.
  path: Assets/Codigos Daniel/Nueva carpeta/Trazado 143.png
  artifactKey: Guid(301fd5f7888b65f499f1748ade7cf91b) Importer(815301076,1909f56bfc062723c751e8b465ee728b)
Start importing Assets/Codigos Daniel/Nueva carpeta/Trazado 143.png using Guid(301fd5f7888b65f499f1748ade7cf91b) Importer(815301076,1909f56bfc062723c751e8b465ee728b)  -> (artifact id: 'af46a95efc0547667c0c9d94a7557692') in 0.048509 seconds
  Import took 0.051606 seconds .

========================================================================
Received Import Request.
  Time since last request: 0.000373 seconds.
  path: Assets/Codigos Daniel/Nueva carpeta/Grupo-16 1.png
  artifactKey: Guid(8931b6beb8c135d4891f6564475c3204) Importer(815301076,1909f56bfc062723c751e8b465ee728b)
Start importing Assets/Codigos Daniel/Nueva carpeta/Grupo-16 1.png using Guid(8931b6beb8c135d4891f6564475c3204) Importer(815301076,1909f56bfc062723c751e8b465ee728b)  -> (artifact id: '291e5e9901678f98c043b8a36380ee01') in 0.018208 seconds
  Import took 0.023782 seconds .

========================================================================
Received Import Request.
  Time since last request: 391.491918 seconds.
  path: Assets/Codigos Daniel/ControladorPersonaje.cs
  artifactKey: Guid(3aa8a3598694d7545b0536a9139a0b48) Importer(815301076,1909f56bfc062723c751e8b465ee728b)
Start importing Assets/Codigos Daniel/ControladorPersonaje.cs using Guid(3aa8a3598694d7545b0536a9139a0b48) Importer(815301076,1909f56bfc062723c751e8b465ee728b)  -> (artifact id: '2742001f8542578b47cdbcbe50032005') in 0.055132 seconds
  Import took 0.058712 seconds .

========================================================================
Received Prepare
Registering precompiled user dll's ...
Registered in 0.002483 seconds.
Begin MonoManager ReloadAssembly
Native extension for WindowsStandalone target not found
Refreshing native plugins compatible for Editor in 0.26 ms, found 0 plugins.
Preloading 0 native plugins for Editor in 0.00 ms.
Mono: successfully reloaded assembly
- Completed reload, in  0.858 seconds
Platform modules already initialized, skipping
Switching build target platform(5) subTarget(0) extendedPlatform(0) -> platform(13) subTarget(537395200) extendedPlatform(0)
Refreshing native plugins compatible for Editor in 0.32 ms, found 0 plugins.
Preloading 0 native plugins for Editor in 0.00 ms.
Unloading 1162 Unused Serialized files (Serialized files now loaded: 0)
System memory in use before: 62.4 MB.
System memory in use after: 62.4 MB.

Unloading 5 unused Assets to reduce memory usage. Loaded Objects now: 1631.
Total: 2.406400 ms (FindLiveObjects: 0.145600 ms CreateObjectMapping: 0.047400 ms MarkObjects: 2.084200 ms  DeleteObjects: 0.128000 ms)

AssetImportParameters requested are different than current active one (requested -> active):
  custom:graphics/normal-map-encoding: 01000000000000000000000000000000 -> 02000000000000000000000000000000
========================================================================
Received Prepare
Registering precompiled user dll's ...
Registered in 0.003916 seconds.
Begin MonoManager ReloadAssembly
Native extension for WindowsStandalone target not found
Refreshing native plugins compatible for Editor in 0.30 ms, found 0 plugins.
Preloading 0 native plugins for Editor in 0.00 ms.
Mono: successfully reloaded assembly
- Completed reload, in  0.942 seconds
Platform modules already initialized, skipping
Switching build target platform(5) subTarget(0) extendedPlatform(0) -> platform(13) subTarget(537395200) extendedPlatform(0)
Refreshing native plugins compatible for Editor in 0.27 ms, found 0 plugins.
Preloading 0 native plugins for Editor in 0.00 ms.
Unloading 1162 Unused Serialized files (Serialized files now loaded: 0)
System memory in use before: 62.4 MB.
System memory in use after: 62.5 MB.

Unloading 5 unused Assets to reduce memory usage. Loaded Objects now: 1634.
Total: 2.240300 ms (FindLiveObjects: 0.161400 ms CreateObjectMapping: 0.043600 ms MarkObjects: 1.967300 ms  DeleteObjects: 0.066700 ms)

AssetImportParameters requested are different than current active one (requested -> active):
  custom:graphics/normal-map-encoding: 01000000000000000000000000000000 -> 02000000000000000000000000000000
========================================================================
Received Prepare
Registering precompiled user dll's ...
Registered in 0.001586 seconds.
Begin MonoManager ReloadAssembly
Native extension for WindowsStandalone target not found
Refreshing native plugins compatible for Editor in 0.53 ms, found 0 plugins.
Preloading 0 native plugins for Editor in 0.00 ms.
Mono: successfully reloaded assembly
- Completed reload, in  2.560 seconds
Platform modules already initialized, skipping
Switching build target platform(5) subTarget(0) extendedPlatform(0) -> platform(13) subTarget(537395200) extendedPlatform(0)
Refreshing native plugins compatible for Editor in 1.66 ms, found 0 plugins.
Preloading 0 native plugins for Editor in 0.00 ms.
Unloading 1162 Unused Serialized files (Serialized files now loaded: 0)
System memory in use before: 62.4 MB.
System memory in use after: 62.5 MB.

Unloading 5 unused Assets to reduce memory usage. Loaded Objects now: 1637.
Total: 9.120100 ms (FindLiveObjects: 0.770500 ms CreateObjectMapping: 0.293800 ms MarkObjects: 7.672500 ms  DeleteObjects: 0.376300 ms)

AssetImportParameters requested are different than current active one (requested -> active):
  custom:graphics/normal-map-encoding: 01000000000000000000000000000000 -> 02000000000000000000000000000000
========================================================================
Received Prepare
Registering precompiled user dll's ...
Registered in 0.000942 seconds.
Begin MonoManager ReloadAssembly
Native extension for WindowsStandalone target not found
Refreshing native plugins compatible for Editor in 0.44 ms, found 0 plugins.
Preloading 0 native plugins for Editor in 0.00 ms.
Mono: successfully reloaded assembly
- Completed reload, in  1.903 seconds
Platform modules already initialized, skipping
Switching build target platform(5) subTarget(0) extendedPlatform(0) -> platform(13) subTarget(537395200) extendedPlatform(0)
Refreshing native plugins compatible for Editor in 1.13 ms, found 0 plugins.
Preloading 0 native plugins for Editor in 0.00 ms.
Unloading 1162 Unused Serialized files (Serialized files now loaded: 0)
System memory in use before: 62.4 MB.
System memory in use after: 62.5 MB.

Unloading 5 unused Assets to reduce memory usage. Loaded Objects now: 1640.
Total: 8.646600 ms (FindLiveObjects: 0.758200 ms CreateObjectMapping: 0.116000 ms MarkObjects: 7.491500 ms  DeleteObjects: 0.273000 ms)

AssetImportParameters requested are different than current active one (requested -> active):
  custom:graphics/normal-map-encoding: 01000000000000000000000000000000 -> 02000000000000000000000000000000
AssetImportWorkerClient::OnTransportError - code=2 error=End of file
