Using pre-set license
Built from '2020.3/staging' branch; Version is '2020.3.4f1 (0abb6314276a) revision 703331'; Using compiler version '192528614'; Build Type 'Release'
OS: 'Windows 10 Pro; OS build 22000.556; Version 2009; 64bit' Language: 'es' Physical Memory: 16309 MB
BatchMode: 1, IsHumanControllingUs: 0, StartBugReporterOnCrash: 0, Is64bit: 1, IsPro: 0

 COMMAND LINE ARGUMENTS:
C:\Program Files\Unity\Hub\Editor\2020.3.4f1\Editor\Unity.exe
-adb2
-batchMode
-noUpm
-name
AssetImportWorker2
-projectPath
E:/Nueva carpeta/MetaVersoEcuador/MetaveroEcuador
-logFile
Logs/AssetImportWorker2.log
-srvPort
61588
Successfully changed project path to: E:/Nueva carpeta/MetaVersoEcuador/MetaveroEcuador
E:/Nueva carpeta/MetaVersoEcuador/MetaveroEcuador
Using Asset Import Pipeline V2.
Refreshing native plugins compatible for Editor in 40.88 ms, found 0 plugins.
Preloading 0 native plugins for Editor in 0.00 ms.
Initialize engine version: 2020.3.4f1 (0abb6314276a)
[Subsystems] Discovering subsystems at path C:/Program Files/Unity/Hub/Editor/2020.3.4f1/Editor/Data/Resources/UnitySubsystems
[Subsystems] Discovering subsystems at path E:/Nueva carpeta/MetaVersoEcuador/MetaveroEcuador/Assets
GfxDevice: creating device client; threaded=0
Direct3D:
    Version:  Direct3D 11.0 [level 11.1]
    Renderer: NVIDIA GeForce GTX 1650 SUPER (ID=0x2187)
    Vendor:   
    VRAM:     3955 MB
    Driver:   30.0.15.1215
Initialize mono
Mono path[0] = 'C:/Program Files/Unity/Hub/Editor/2020.3.4f1/Editor/Data/Managed'
Mono path[1] = 'C:/Program Files/Unity/Hub/Editor/2020.3.4f1/Editor/Data/MonoBleedingEdge/lib/mono/unityjit'
Mono config path = 'C:/Program Files/Unity/Hub/Editor/2020.3.4f1/Editor/Data/MonoBleedingEdge/etc'
Using monoOptions --debugger-agent=transport=dt_socket,embedding=1,server=y,suspend=n,address=127.0.0.1:56780
Begin MonoManager ReloadAssembly
Registering precompiled unity dll's ...
Register platform support module: C:/Program Files/Unity/Hub/Editor/2020.3.4f1/Editor/Data/PlaybackEngines/WindowsStandaloneSupport/UnityEditor.WindowsStandalone.Extensions.dll
Registered in 0.001254 seconds.
Native extension for WindowsStandalone target not found
Refreshing native plugins compatible for Editor in 37.40 ms, found 0 plugins.
Preloading 0 native plugins for Editor in 0.00 ms.
Mono: successfully reloaded assembly
- Completed reload, in  2.301 seconds
Platform modules already initialized, skipping
Registering precompiled user dll's ...
Registered in 0.001920 seconds.
Begin MonoManager ReloadAssembly
Native extension for WindowsStandalone target not found
Refreshing native plugins compatible for Editor in 0.43 ms, found 0 plugins.
Preloading 0 native plugins for Editor in 0.00 ms.
Mono: successfully reloaded assembly
- Completed reload, in  1.055 seconds
Platform modules already initialized, skipping
========================================================================
Worker process is ready to serve import requests
Launched and connected shader compiler UnityShaderCompiler.exe after 0.11 seconds
Refreshing native plugins compatible for Editor in 0.42 ms, found 0 plugins.
Preloading 0 native plugins for Editor in 0.00 ms.
Unloading 1692 Unused Serialized files (Serialized files now loaded: 0)
System memory in use before: 81.1 MB.
System memory in use after: 81.1 MB.

Unloading 18 unused Assets to reduce memory usage. Loaded Objects now: 2134.
Total: 3.282000 ms (FindLiveObjects: 0.375100 ms CreateObjectMapping: 0.060300 ms MarkObjects: 2.723600 ms  DeleteObjects: 0.121100 ms)

========================================================================
Received Import Request.
  path: Assets/Resources/BreathingIdleInst (1).prefab
  artifactKey: Guid(b971f946a9c736f4496e9153404770f6) Importer(815301076,1909f56bfc062723c751e8b465ee728b)
Start importing Assets/Resources/BreathingIdleInst (1).prefab using Guid(b971f946a9c736f4496e9153404770f6) Importer(815301076,1909f56bfc062723c751e8b465ee728b)  -> (artifact id: '57213f1d2487081b141d1656ab1516d9') in 0.443046 seconds
  Import took 0.447799 seconds .

========================================================================
Received Import Request.
  Time since last request: 2.620159 seconds.
  path: Assets/Resources/BreathingIdleInst (1).prefab
  artifactKey: Guid(b971f946a9c736f4496e9153404770f6) Importer(815301076,1909f56bfc062723c751e8b465ee728b)
Start importing Assets/Resources/BreathingIdleInst (1).prefab using Guid(b971f946a9c736f4496e9153404770f6) Importer(815301076,1909f56bfc062723c751e8b465ee728b)  -> (artifact id: '617d2110d265af8f88fd724444832640') in 0.133193 seconds
  Import took 0.138153 seconds .

========================================================================
Received Import Request.
  Time since last request: 1.224746 seconds.
  path: Assets/Resources/BreathingIdleInst (1).prefab
  artifactKey: Guid(b971f946a9c736f4496e9153404770f6) Importer(815301076,1909f56bfc062723c751e8b465ee728b)
Start importing Assets/Resources/BreathingIdleInst (1).prefab using Guid(b971f946a9c736f4496e9153404770f6) Importer(815301076,1909f56bfc062723c751e8b465ee728b)  -> (artifact id: '1bc1d9d7235c2ca7ba61dd6884902b3f') in 0.131009 seconds
  Import took 0.135401 seconds .

========================================================================
Received Import Request.
  Time since last request: 6.881299 seconds.
  path: Assets/Resources/BreathingIdleInst (1).prefab
  artifactKey: Guid(b971f946a9c736f4496e9153404770f6) Importer(815301076,1909f56bfc062723c751e8b465ee728b)
Start importing Assets/Resources/BreathingIdleInst (1).prefab using Guid(b971f946a9c736f4496e9153404770f6) Importer(815301076,1909f56bfc062723c751e8b465ee728b)  -> (artifact id: 'a0c35a91e53a8c8a391b407007797d24') in 0.128767 seconds
  Import took 0.133194 seconds .

========================================================================
Received Import Request.
  Time since last request: 1.827541 seconds.
  path: Assets/Resources/BreathingIdleInst (1).prefab
  artifactKey: Guid(b971f946a9c736f4496e9153404770f6) Importer(815301076,1909f56bfc062723c751e8b465ee728b)
Start importing Assets/Resources/BreathingIdleInst (1).prefab using Guid(b971f946a9c736f4496e9153404770f6) Importer(815301076,1909f56bfc062723c751e8b465ee728b)  -> (artifact id: '3307e6a9d3d19bbcb12a65ce54f7832b') in 0.127576 seconds
  Import took 0.132099 seconds .

========================================================================
Received Prepare
Registering precompiled user dll's ...
Registered in 0.002289 seconds.
Begin MonoManager ReloadAssembly
Native extension for WindowsStandalone target not found
Refreshing native plugins compatible for Editor in 0.45 ms, found 0 plugins.
Preloading 0 native plugins for Editor in 0.00 ms.
Mono: successfully reloaded assembly
- Completed reload, in  0.922 seconds
Platform modules already initialized, skipping
Switching build target platform(5) subTarget(0) extendedPlatform(0) -> platform(13) subTarget(537395200) extendedPlatform(0)
Refreshing native plugins compatible for Editor in 0.57 ms, found 0 plugins.
Preloading 0 native plugins for Editor in 0.00 ms.
Unloading 1671 Unused Serialized files (Serialized files now loaded: 0)
System memory in use before: 95.9 MB.
System memory in use after: 95.9 MB.

Unloading 12 unused Assets to reduce memory usage. Loaded Objects now: 2147.
Total: 2.130700 ms (FindLiveObjects: 0.223900 ms CreateObjectMapping: 0.056000 ms MarkObjects: 1.789500 ms  DeleteObjects: 0.060000 ms)

AssetImportParameters requested are different than current active one (requested -> active):
  custom:graphics/normal-map-encoding: 01000000000000000000000000000000 -> 02000000000000000000000000000000
========================================================================
Received Prepare
Refreshing native plugins compatible for Editor in 1.86 ms, found 0 plugins.
Preloading 0 native plugins for Editor in 0.00 ms.
Unloading 8 Unused Serialized files (Serialized files now loaded: 0)
System memory in use before: 63.0 MB.
System memory in use after: 63.1 MB.

Unloading 8 unused Assets to reduce memory usage. Loaded Objects now: 2147.
Total: 2.664100 ms (FindLiveObjects: 0.384300 ms CreateObjectMapping: 0.046900 ms MarkObjects: 2.164600 ms  DeleteObjects: 0.067100 ms)

========================================================================
Received Prepare
Refreshing native plugins compatible for Editor in 1.84 ms, found 0 plugins.
Preloading 0 native plugins for Editor in 0.00 ms.
Unloading 8 Unused Serialized files (Serialized files now loaded: 0)
System memory in use before: 63.0 MB.
System memory in use after: 63.1 MB.

Unloading 8 unused Assets to reduce memory usage. Loaded Objects now: 2147.
Total: 2.018400 ms (FindLiveObjects: 0.230100 ms CreateObjectMapping: 0.041700 ms MarkObjects: 1.691500 ms  DeleteObjects: 0.054000 ms)

========================================================================
Received Prepare
Registering precompiled user dll's ...
Registered in 0.002319 seconds.
Begin MonoManager ReloadAssembly
Native extension for WindowsStandalone target not found
Refreshing native plugins compatible for Editor in 0.43 ms, found 0 plugins.
Preloading 0 native plugins for Editor in 0.00 ms.
Mono: successfully reloaded assembly
- Completed reload, in  0.860 seconds
Platform modules already initialized, skipping
Refreshing native plugins compatible for Editor in 0.44 ms, found 0 plugins.
Preloading 0 native plugins for Editor in 0.00 ms.
Unloading 1667 Unused Serialized files (Serialized files now loaded: 0)
System memory in use before: 95.9 MB.
System memory in use after: 96.0 MB.

Unloading 12 unused Assets to reduce memory usage. Loaded Objects now: 2152.
Total: 2.076100 ms (FindLiveObjects: 0.207600 ms CreateObjectMapping: 0.044100 ms MarkObjects: 1.760800 ms  DeleteObjects: 0.062700 ms)

========================================================================
Received Prepare
Refreshing native plugins compatible for Editor in 1.87 ms, found 0 plugins.
Preloading 0 native plugins for Editor in 0.00 ms.
Unloading 8 Unused Serialized files (Serialized files now loaded: 0)
System memory in use before: 63.0 MB.
System memory in use after: 63.1 MB.

Unloading 8 unused Assets to reduce memory usage. Loaded Objects now: 2152.
Total: 1.956500 ms (FindLiveObjects: 0.228200 ms CreateObjectMapping: 0.043100 ms MarkObjects: 1.632200 ms  DeleteObjects: 0.051800 ms)

========================================================================
Received Prepare
Registering precompiled user dll's ...
Registered in 0.001897 seconds.
Begin MonoManager ReloadAssembly
Native extension for WindowsStandalone target not found
Refreshing native plugins compatible for Editor in 0.46 ms, found 0 plugins.
Preloading 0 native plugins for Editor in 0.00 ms.
Mono: successfully reloaded assembly
- Completed reload, in  0.961 seconds
Platform modules already initialized, skipping
Refreshing native plugins compatible for Editor in 0.48 ms, found 0 plugins.
Preloading 0 native plugins for Editor in 0.00 ms.
Unloading 1667 Unused Serialized files (Serialized files now loaded: 0)
System memory in use before: 96.3 MB.
System memory in use after: 96.4 MB.

Unloading 12 unused Assets to reduce memory usage. Loaded Objects now: 2157.
Total: 3.076300 ms (FindLiveObjects: 0.270000 ms CreateObjectMapping: 0.060200 ms MarkObjects: 2.679400 ms  DeleteObjects: 0.065500 ms)

AssetImportWorkerClient::OnTransportError - code=2 error=End of file
